<?xml version="1.0" encoding="UTF-8"?>
<testng-results ignored="0" total="29" passed="26" failed="3" skipped="0">
  <reporter-output>
  </reporter-output>
  <suite started-at="2024-08-03T14:07:33 IST" name="Default suite" finished-at="2024-08-03T14:12:58 IST" duration-ms="324672">
    <groups>
    </groups>
    <test started-at="2024-08-03T14:07:33 IST" name="Default test" finished-at="2024-08-03T14:12:58 IST" duration-ms="324672">
      <class name="com.mvn.Maintest">
        <test-method is-config="true" signature="beforetest()[pri:0, instance:com.mvn.Maintest@7817fd62]" started-at="2024-08-03T14:07:33 IST" name="beforetest" finished-at="2024-08-03T14:07:33 IST" duration-ms="54" status="PASS">
          <reporter-output>
          </reporter-output>
        </test-method> <!-- beforetest -->
        <test-method is-config="true" signature="loadBrowser()[pri:0, instance:com.mvn.Maintest@7817fd62]" started-at="2024-08-03T14:07:33 IST" name="loadBrowser" finished-at="2024-08-03T14:07:57 IST" duration-ms="23446" status="PASS">
          <reporter-output>
          </reporter-output>
        </test-method> <!-- loadBrowser -->
        <test-method signature="TextboxDetails()[pri:0, instance:com.mvn.Maintest@7817fd62]" started-at="2024-08-03T14:07:57 IST" name="TextboxDetails" finished-at="2024-08-03T14:08:07 IST" duration-ms="10284" status="PASS">
          <reporter-output>
          </reporter-output>
        </test-method> <!-- TextboxDetails -->
        <test-method signature="CheckboxDetails()[pri:1, instance:com.mvn.Maintest@7817fd62]" started-at="2024-08-03T14:08:07 IST" name="CheckboxDetails" finished-at="2024-08-03T14:08:17 IST" duration-ms="10054" status="PASS">
          <reporter-output>
          </reporter-output>
        </test-method> <!-- CheckboxDetails -->
        <test-method signature="RadioDetails()[pri:2, instance:com.mvn.Maintest@7817fd62]" started-at="2024-08-03T14:08:17 IST" name="RadioDetails" finished-at="2024-08-03T14:08:26 IST" duration-ms="9116" status="PASS">
          <reporter-output>
          </reporter-output>
        </test-method> <!-- RadioDetails -->
        <test-method signature="WebtabDetails()[pri:3, instance:com.mvn.Maintest@7817fd62]" started-at="2024-08-03T14:08:26 IST" name="WebtabDetails" finished-at="2024-08-03T14:08:36 IST" duration-ms="9875" status="PASS">
          <reporter-output>
          </reporter-output>
        </test-method> <!-- WebtabDetails -->
        <test-method signature="Buttonevents()[pri:4, instance:com.mvn.Maintest@7817fd62]" started-at="2024-08-03T14:08:36 IST" name="Buttonevents" finished-at="2024-08-03T14:08:40 IST" duration-ms="3762" status="PASS">
          <reporter-output>
          </reporter-output>
        </test-method> <!-- Buttonevents -->
        <test-method signature="ClickonLink()[pri:5, instance:com.mvn.Maintest@7817fd62]" started-at="2024-08-03T14:08:40 IST" name="ClickonLink" finished-at="2024-08-03T14:08:43 IST" duration-ms="2887" status="FAIL">
          <exception class="org.openqa.selenium.ElementClickInterceptedException">
            <message>
              <![CDATA[element click intercepted: Element <a id="simpleLink" href="https://demoqa.com" target="_blank">...</a> is not clickable at point (423, 566). Other element would receive the click: <div>...</div>
  (Session info: chrome=127.0.6533.72)
Build info: version: '4.21.0', revision: '79ed462ef4'
System info: os.name: 'Windows 10', os.arch: 'amd64', os.version: '10.0', java.version: '22.0.1'
Driver info: org.openqa.selenium.chrome.ChromeDriver
Command: [0b8d5ed3b9eb19017ad1fe469d0e513d, clickElement {id=f.13F867F58DFDB274C3799CEF914DB720.d.1B77B12814BF849E0CE6DA9D26F5A287.e.160}]
Capabilities {acceptInsecureCerts: false, browserName: chrome, browserVersion: 127.0.6533.72, chrome: {chromedriverVersion: 127.0.6533.88 (a2d0cb026721..., userDataDir: C:\Users\Deepak\AppData\Loc...}, fedcm:accounts: true, goog:chromeOptions: {debuggerAddress: localhost:54982}, networkConnectionEnabled: false, pageLoadStrategy: normal, platformName: windows, proxy: Proxy(), se:cdp: ws://localhost:54982/devtoo..., se:cdpVersion: 127.0.6533.72, setWindowRect: true, strictFileInteractability: false, timeouts: {implicit: 0, pageLoad: 300000, script: 30000}, unhandledPromptBehavior: dismiss and notify, webauthn:extension:credBlob: true, webauthn:extension:largeBlob: true, webauthn:extension:minPinLength: true, webauthn:extension:prf: true, webauthn:virtualAuthenticators: true}
Element: [[ChromeDriver: chrome on windows (0b8d5ed3b9eb19017ad1fe469d0e513d)] -> link text: Home]
Session ID: 0b8d5ed3b9eb19017ad1fe469d0e513d]]>
            </message>
            <full-stacktrace>
              <![CDATA[org.openqa.selenium.ElementClickInterceptedException: element click intercepted: Element <a id="simpleLink" href="https://demoqa.com" target="_blank">...</a> is not clickable at point (423, 566). Other element would receive the click: <div>...</div>
  (Session info: chrome=127.0.6533.72)
Build info: version: '4.21.0', revision: '79ed462ef4'
System info: os.name: 'Windows 10', os.arch: 'amd64', os.version: '10.0', java.version: '22.0.1'
Driver info: org.openqa.selenium.chrome.ChromeDriver
Command: [0b8d5ed3b9eb19017ad1fe469d0e513d, clickElement {id=f.13F867F58DFDB274C3799CEF914DB720.d.1B77B12814BF849E0CE6DA9D26F5A287.e.160}]
Capabilities {acceptInsecureCerts: false, browserName: chrome, browserVersion: 127.0.6533.72, chrome: {chromedriverVersion: 127.0.6533.88 (a2d0cb026721..., userDataDir: C:\Users\Deepak\AppData\Loc...}, fedcm:accounts: true, goog:chromeOptions: {debuggerAddress: localhost:54982}, networkConnectionEnabled: false, pageLoadStrategy: normal, platformName: windows, proxy: Proxy(), se:cdp: ws://localhost:54982/devtoo..., se:cdpVersion: 127.0.6533.72, setWindowRect: true, strictFileInteractability: false, timeouts: {implicit: 0, pageLoad: 300000, script: 30000}, unhandledPromptBehavior: dismiss and notify, webauthn:extension:credBlob: true, webauthn:extension:largeBlob: true, webauthn:extension:minPinLength: true, webauthn:extension:prf: true, webauthn:virtualAuthenticators: true}
Element: [[ChromeDriver: chrome on windows (0b8d5ed3b9eb19017ad1fe469d0e513d)] -> link text: Home]
Session ID: 0b8d5ed3b9eb19017ad1fe469d0e513d
at java.base/jdk.internal.reflect.DirectConstructorHandleAccessor.newInstance(DirectConstructorHandleAccessor.java:62)
at java.base/java.lang.reflect.Constructor.newInstanceWithCaller(Constructor.java:502)
at java.base/java.lang.reflect.Constructor.newInstance(Constructor.java:486)
at org.openqa.selenium.remote.ErrorCodec.decode(ErrorCodec.java:167)
at org.openqa.selenium.remote.codec.w3c.W3CHttpResponseCodec.decode(W3CHttpResponseCodec.java:138)
at org.openqa.selenium.remote.codec.w3c.W3CHttpResponseCodec.decode(W3CHttpResponseCodec.java:50)
at org.openqa.selenium.remote.HttpCommandExecutor.execute(HttpCommandExecutor.java:190)
at org.openqa.selenium.remote.service.DriverCommandExecutor.invokeExecute(DriverCommandExecutor.java:216)
at org.openqa.selenium.remote.service.DriverCommandExecutor.execute(DriverCommandExecutor.java:174)
at org.openqa.selenium.remote.RemoteWebDriver.execute(RemoteWebDriver.java:518)
at org.openqa.selenium.remote.RemoteWebElement.execute(RemoteWebElement.java:223)
at org.openqa.selenium.remote.RemoteWebElement.click(RemoteWebElement.java:76)
at com.modules.ElementLinks.ClickLinks(ElementLinks.java:38)
at com.mvn.Maintest.ClickonLink(Maintest.java:179)
at java.base/jdk.internal.reflect.DirectMethodHandleAccessor.invoke(DirectMethodHandleAccessor.java:103)
at java.base/java.lang.reflect.Method.invoke(Method.java:580)
at org.testng.internal.invokers.MethodInvocationHelper.invokeMethod(MethodInvocationHelper.java:141)
at org.testng.internal.invokers.TestInvoker.invokeMethod(TestInvoker.java:686)
at org.testng.internal.invokers.TestInvoker.invokeTestMethod(TestInvoker.java:230)
at org.testng.internal.invokers.MethodRunner.runInSequence(MethodRunner.java:63)
at org.testng.internal.invokers.TestInvoker$MethodInvocationAgent.invoke(TestInvoker.java:992)
at org.testng.internal.invokers.TestInvoker.invokeTestMethods(TestInvoker.java:203)
at org.testng.internal.invokers.TestMethodWorker.invokeTestMethods(TestMethodWorker.java:154)
at org.testng.internal.invokers.TestMethodWorker.run(TestMethodWorker.java:134)
at java.base/java.util.ArrayList.forEach(ArrayList.java:1597)
at org.testng.TestRunner.privateRun(TestRunner.java:739)
at org.testng.TestRunner.run(TestRunner.java:614)
at org.testng.SuiteRunner.runTest(SuiteRunner.java:421)
at org.testng.SuiteRunner.runSequentially(SuiteRunner.java:413)
at org.testng.SuiteRunner.privateRun(SuiteRunner.java:373)
at org.testng.SuiteRunner.run(SuiteRunner.java:312)
at org.testng.SuiteRunnerWorker.runSuite(SuiteRunnerWorker.java:52)
at org.testng.SuiteRunnerWorker.run(SuiteRunnerWorker.java:95)
at org.testng.TestNG.runSuitesSequentially(TestNG.java:1274)
at org.testng.TestNG.runSuitesLocally(TestNG.java:1208)
at org.testng.TestNG.runSuites(TestNG.java:1112)
at org.testng.TestNG.run(TestNG.java:1079)
at org.testng.remote.AbstractRemoteTestNG.run(AbstractRemoteTestNG.java:115)
at org.testng.remote.RemoteTestNG.initAndRun(RemoteTestNG.java:293)
at org.testng.remote.RemoteTestNG.main(RemoteTestNG.java:91)
]]>
            </full-stacktrace>
          </exception> <!-- org.openqa.selenium.ElementClickInterceptedException -->
          <reporter-output>
          </reporter-output>
        </test-method> <!-- ClickonLink -->
        <test-method signature="ClickonbrokenLink()[pri:6, instance:com.mvn.Maintest@7817fd62]" started-at="2024-08-03T14:08:43 IST" name="ClickonbrokenLink" finished-at="2024-08-03T14:08:58 IST" duration-ms="14635" status="PASS">
          <reporter-output>
          </reporter-output>
        </test-method> <!-- ClickonbrokenLink -->
        <test-method signature="Uploadimage()[pri:7, instance:com.mvn.Maintest@7817fd62]" started-at="2024-08-03T14:08:58 IST" name="Uploadimage" finished-at="2024-08-03T14:09:02 IST" duration-ms="4797" status="PASS">
          <reporter-output>
          </reporter-output>
        </test-method> <!-- Uploadimage -->
        <test-method signature="Dynamic()[pri:8, instance:com.mvn.Maintest@7817fd62]" started-at="2024-08-03T14:09:02 IST" name="Dynamic" finished-at="2024-08-03T14:09:08 IST" duration-ms="5172" status="PASS">
          <reporter-output>
          </reporter-output>
        </test-method> <!-- Dynamic -->
        <test-method signature="FormDetails()[pri:9, instance:com.mvn.Maintest@7817fd62]" started-at="2024-08-03T14:09:08 IST" name="FormDetails" finished-at="2024-08-03T14:09:20 IST" duration-ms="12461" status="PASS">
          <reporter-output>
          </reporter-output>
        </test-method> <!-- FormDetails -->
        <test-method signature="BrosWind()[pri:10, instance:com.mvn.Maintest@7817fd62]" started-at="2024-08-03T14:09:20 IST" name="BrosWind" finished-at="2024-08-03T14:09:29 IST" duration-ms="8991" status="PASS">
          <reporter-output>
          </reporter-output>
        </test-method> <!-- BrosWind -->
        <test-method signature="alert()[pri:11, instance:com.mvn.Maintest@7817fd62]" started-at="2024-08-03T14:09:29 IST" name="alert" finished-at="2024-08-03T14:09:56 IST" duration-ms="27208" status="PASS">
          <reporter-output>
          </reporter-output>
        </test-method> <!-- alert -->
        <test-method signature="Frame()[pri:12, instance:com.mvn.Maintest@7817fd62]" started-at="2024-08-03T14:09:56 IST" name="Frame" finished-at="2024-08-03T14:09:59 IST" duration-ms="2271" status="PASS">
          <reporter-output>
          </reporter-output>
        </test-method> <!-- Frame -->
        <test-method signature="Dialog()[pri:13, instance:com.mvn.Maintest@7817fd62]" started-at="2024-08-03T14:09:59 IST" name="Dialog" finished-at="2024-08-03T14:10:13 IST" duration-ms="13981" status="PASS">
          <reporter-output>
          </reporter-output>
        </test-method> <!-- Dialog -->
        <test-method signature="WidAccord()[pri:14, instance:com.mvn.Maintest@7817fd62]" started-at="2024-08-03T14:10:13 IST" name="WidAccord" finished-at="2024-08-03T14:10:17 IST" duration-ms="4476" status="PASS">
          <reporter-output>
          </reporter-output>
        </test-method> <!-- WidAccord -->
        <test-method signature="WidAutoComplete()[pri:15, instance:com.mvn.Maintest@7817fd62]" started-at="2024-08-03T14:10:17 IST" name="WidAutoComplete" finished-at="2024-08-03T14:10:22 IST" duration-ms="4618" status="PASS">
          <reporter-output>
          </reporter-output>
        </test-method> <!-- WidAutoComplete -->
        <test-method signature="WidDatePicker()[pri:16, instance:com.mvn.Maintest@7817fd62]" started-at="2024-08-03T14:10:22 IST" name="WidDatePicker" finished-at="2024-08-03T14:10:23 IST" duration-ms="1607" status="PASS">
          <reporter-output>
          </reporter-output>
        </test-method> <!-- WidDatePicker -->
        <test-method signature="WidSlider()[pri:17, instance:com.mvn.Maintest@7817fd62]" started-at="2024-08-03T14:10:23 IST" name="WidSlider" finished-at="2024-08-03T14:10:28 IST" duration-ms="4547" status="PASS">
          <reporter-output>
          </reporter-output>
        </test-method> <!-- WidSlider -->
        <test-method signature="WidProgress()[pri:18, instance:com.mvn.Maintest@7817fd62]" started-at="2024-08-03T14:10:28 IST" name="WidProgress" finished-at="2024-08-03T14:10:46 IST" duration-ms="18595" status="PASS">
          <reporter-output>
          </reporter-output>
        </test-method> <!-- WidProgress -->
        <test-method signature="WidTabs()[pri:19, instance:com.mvn.Maintest@7817fd62]" started-at="2024-08-03T14:10:46 IST" name="WidTabs" finished-at="2024-08-03T14:11:03 IST" duration-ms="16542" status="PASS">
          <reporter-output>
          </reporter-output>
        </test-method> <!-- WidTabs -->
        <test-method signature="WidTooltip()[pri:20, instance:com.mvn.Maintest@7817fd62]" started-at="2024-08-03T14:11:03 IST" name="WidTooltip" finished-at="2024-08-03T14:11:11 IST" duration-ms="8486" status="PASS">
          <reporter-output>
          </reporter-output>
        </test-method> <!-- WidTooltip -->
        <test-method signature="WidMenu()[pri:21, instance:com.mvn.Maintest@7817fd62]" started-at="2024-08-03T14:11:11 IST" name="WidMenu" finished-at="2024-08-03T14:11:29 IST" duration-ms="17353" status="PASS">
          <reporter-output>
          </reporter-output>
        </test-method> <!-- WidMenu -->
        <test-method signature="WidSelectMenu()[pri:22, instance:com.mvn.Maintest@7817fd62]" started-at="2024-08-03T14:11:29 IST" name="WidSelectMenu" finished-at="2024-08-03T14:11:44 IST" duration-ms="15648" status="PASS">
          <reporter-output>
          </reporter-output>
        </test-method> <!-- WidSelectMenu -->
        <test-method signature="InteractSortable()[pri:23, instance:com.mvn.Maintest@7817fd62]" started-at="2024-08-03T14:11:44 IST" name="InteractSortable" finished-at="2024-08-03T14:11:53 IST" duration-ms="8531" status="PASS">
          <reporter-output>
          </reporter-output>
        </test-method> <!-- InteractSortable -->
        <test-method signature="InteractSelectable()[pri:24, instance:com.mvn.Maintest@7817fd62]" started-at="2024-08-03T14:11:53 IST" name="InteractSelectable" finished-at="2024-08-03T14:12:08 IST" duration-ms="15203" status="PASS">
          <reporter-output>
          </reporter-output>
        </test-method> <!-- InteractSelectable -->
        <test-method signature="InteractResizable()[pri:25, instance:com.mvn.Maintest@7817fd62]" started-at="2024-08-03T14:12:08 IST" name="InteractResizable" finished-at="2024-08-03T14:12:11 IST" duration-ms="2950" status="PASS">
          <reporter-output>
          </reporter-output>
        </test-method> <!-- InteractResizable -->
        <test-method signature="InteractDroppable()[pri:26, instance:com.mvn.Maintest@7817fd62]" started-at="2024-08-03T14:12:11 IST" name="InteractDroppable" finished-at="2024-08-03T14:12:37 IST" duration-ms="25335" status="PASS">
          <reporter-output>
          </reporter-output>
        </test-method> <!-- InteractDroppable -->
        <test-method signature="InteractDragabble()[pri:27, instance:com.mvn.Maintest@7817fd62]" started-at="2024-08-03T14:12:37 IST" name="InteractDragabble" finished-at="2024-08-03T14:12:38 IST" duration-ms="1141" status="FAIL">
          <exception class="org.openqa.selenium.ElementClickInterceptedException">
            <message>
              <![CDATA[element click intercepted: Element <li class="btn btn-light " id="item-4">...</li> is not clickable at point (200, 596). Other element would receive the click: <div id="fixedban" style="width:100%;margin:auto;text-align:center;float:none;overflow:hidden;display:scroll;position:fixed;bottom:0;z-index:9999999">...</div>
  (Session info: chrome=127.0.6533.72)
Build info: version: '4.21.0', revision: '79ed462ef4'
System info: os.name: 'Windows 10', os.arch: 'amd64', os.version: '10.0', java.version: '22.0.1'
Driver info: org.openqa.selenium.chrome.ChromeDriver
Command: [0b8d5ed3b9eb19017ad1fe469d0e513d, clickElement {id=f.13F867F58DFDB274C3799CEF914DB720.d.261962353B876438A183026D9CBA65A2.e.625}]
Capabilities {acceptInsecureCerts: false, browserName: chrome, browserVersion: 127.0.6533.72, chrome: {chromedriverVersion: 127.0.6533.88 (a2d0cb026721..., userDataDir: C:\Users\Deepak\AppData\Loc...}, fedcm:accounts: true, goog:chromeOptions: {debuggerAddress: localhost:54982}, networkConnectionEnabled: false, pageLoadStrategy: normal, platformName: windows, proxy: Proxy(), se:cdp: ws://localhost:54982/devtoo..., se:cdpVersion: 127.0.6533.72, setWindowRect: true, strictFileInteractability: false, timeouts: {implicit: 0, pageLoad: 300000, script: 30000}, unhandledPromptBehavior: dismiss and notify, webauthn:extension:credBlob: true, webauthn:extension:largeBlob: true, webauthn:extension:minPinLength: true, webauthn:extension:prf: true, webauthn:virtualAuthenticators: true}
Element: [[ChromeDriver: chrome on windows (0b8d5ed3b9eb19017ad1fe469d0e513d)] -> xpath: /html/body/div[2]/div/div/div/div[1]/div/div/div[5]/div/ul/li[5]]
Session ID: 0b8d5ed3b9eb19017ad1fe469d0e513d]]>
            </message>
            <full-stacktrace>
              <![CDATA[org.openqa.selenium.ElementClickInterceptedException: element click intercepted: Element <li class="btn btn-light " id="item-4">...</li> is not clickable at point (200, 596). Other element would receive the click: <div id="fixedban" style="width:100%;margin:auto;text-align:center;float:none;overflow:hidden;display:scroll;position:fixed;bottom:0;z-index:9999999">...</div>
  (Session info: chrome=127.0.6533.72)
Build info: version: '4.21.0', revision: '79ed462ef4'
System info: os.name: 'Windows 10', os.arch: 'amd64', os.version: '10.0', java.version: '22.0.1'
Driver info: org.openqa.selenium.chrome.ChromeDriver
Command: [0b8d5ed3b9eb19017ad1fe469d0e513d, clickElement {id=f.13F867F58DFDB274C3799CEF914DB720.d.261962353B876438A183026D9CBA65A2.e.625}]
Capabilities {acceptInsecureCerts: false, browserName: chrome, browserVersion: 127.0.6533.72, chrome: {chromedriverVersion: 127.0.6533.88 (a2d0cb026721..., userDataDir: C:\Users\Deepak\AppData\Loc...}, fedcm:accounts: true, goog:chromeOptions: {debuggerAddress: localhost:54982}, networkConnectionEnabled: false, pageLoadStrategy: normal, platformName: windows, proxy: Proxy(), se:cdp: ws://localhost:54982/devtoo..., se:cdpVersion: 127.0.6533.72, setWindowRect: true, strictFileInteractability: false, timeouts: {implicit: 0, pageLoad: 300000, script: 30000}, unhandledPromptBehavior: dismiss and notify, webauthn:extension:credBlob: true, webauthn:extension:largeBlob: true, webauthn:extension:minPinLength: true, webauthn:extension:prf: true, webauthn:virtualAuthenticators: true}
Element: [[ChromeDriver: chrome on windows (0b8d5ed3b9eb19017ad1fe469d0e513d)] -> xpath: /html/body/div[2]/div/div/div/div[1]/div/div/div[5]/div/ul/li[5]]
Session ID: 0b8d5ed3b9eb19017ad1fe469d0e513d
at java.base/jdk.internal.reflect.DirectConstructorHandleAccessor.newInstance(DirectConstructorHandleAccessor.java:62)
at java.base/java.lang.reflect.Constructor.newInstanceWithCaller(Constructor.java:502)
at java.base/java.lang.reflect.Constructor.newInstance(Constructor.java:486)
at org.openqa.selenium.remote.ErrorCodec.decode(ErrorCodec.java:167)
at org.openqa.selenium.remote.codec.w3c.W3CHttpResponseCodec.decode(W3CHttpResponseCodec.java:138)
at org.openqa.selenium.remote.codec.w3c.W3CHttpResponseCodec.decode(W3CHttpResponseCodec.java:50)
at org.openqa.selenium.remote.HttpCommandExecutor.execute(HttpCommandExecutor.java:190)
at org.openqa.selenium.remote.service.DriverCommandExecutor.invokeExecute(DriverCommandExecutor.java:216)
at org.openqa.selenium.remote.service.DriverCommandExecutor.execute(DriverCommandExecutor.java:174)
at org.openqa.selenium.remote.RemoteWebDriver.execute(RemoteWebDriver.java:518)
at org.openqa.selenium.remote.RemoteWebElement.execute(RemoteWebElement.java:223)
at org.openqa.selenium.remote.RemoteWebElement.click(RemoteWebElement.java:76)
at com.modules.InteractionsDragabble.ClickDragabble(InteractionsDragabble.java:13)
at com.mvn.Maintest.InteractDragabble(Maintest.java:416)
at java.base/jdk.internal.reflect.DirectMethodHandleAccessor.invoke(DirectMethodHandleAccessor.java:103)
at java.base/java.lang.reflect.Method.invoke(Method.java:580)
at org.testng.internal.invokers.MethodInvocationHelper.invokeMethod(MethodInvocationHelper.java:141)
at org.testng.internal.invokers.TestInvoker.invokeMethod(TestInvoker.java:686)
at org.testng.internal.invokers.TestInvoker.invokeTestMethod(TestInvoker.java:230)
at org.testng.internal.invokers.MethodRunner.runInSequence(MethodRunner.java:63)
at org.testng.internal.invokers.TestInvoker$MethodInvocationAgent.invoke(TestInvoker.java:992)
at org.testng.internal.invokers.TestInvoker.invokeTestMethods(TestInvoker.java:203)
at org.testng.internal.invokers.TestMethodWorker.invokeTestMethods(TestMethodWorker.java:154)
at org.testng.internal.invokers.TestMethodWorker.run(TestMethodWorker.java:134)
at java.base/java.util.ArrayList.forEach(ArrayList.java:1597)
at org.testng.TestRunner.privateRun(TestRunner.java:739)
at org.testng.TestRunner.run(TestRunner.java:614)
at org.testng.SuiteRunner.runTest(SuiteRunner.java:421)
at org.testng.SuiteRunner.runSequentially(SuiteRunner.java:413)
at org.testng.SuiteRunner.privateRun(SuiteRunner.java:373)
at org.testng.SuiteRunner.run(SuiteRunner.java:312)
at org.testng.SuiteRunnerWorker.runSuite(SuiteRunnerWorker.java:52)
at org.testng.SuiteRunnerWorker.run(SuiteRunnerWorker.java:95)
at org.testng.TestNG.runSuitesSequentially(TestNG.java:1274)
at org.testng.TestNG.runSuitesLocally(TestNG.java:1208)
at org.testng.TestNG.runSuites(TestNG.java:1112)
at org.testng.TestNG.run(TestNG.java:1079)
at org.testng.remote.AbstractRemoteTestNG.run(AbstractRemoteTestNG.java:115)
at org.testng.remote.RemoteTestNG.initAndRun(RemoteTestNG.java:293)
at org.testng.remote.RemoteTestNG.main(RemoteTestNG.java:91)
]]>
            </full-stacktrace>
          </exception> <!-- org.openqa.selenium.ElementClickInterceptedException -->
          <reporter-output>
          </reporter-output>
        </test-method> <!-- InteractDragabble -->
        <test-method signature="BSLogin()[pri:28, instance:com.mvn.Maintest@7817fd62]" started-at="2024-08-03T14:12:38 IST" name="BSLogin" finished-at="2024-08-03T14:12:54 IST" duration-ms="16833" status="FAIL">
          <exception class="org.openqa.selenium.ElementClickInterceptedException">
            <message>
              <![CDATA[element click intercepted: Element <button id="gotologin" type="button" class="btn btn-primary">...</button> is not clickable at point (1055, 456). Other element would receive the click: <iframe title="recaptcha challenge expires in two minutes" name="c-9s3po5299x0s" frameborder="0" scrolling="no" sandbox="allow-forms allow-popups allow-same-origin allow-scripts allow-top-navigation allow-modals allow-popups-to-escape-sandbox allow-storage-access-by-user-activation" src="https://www.google.com/recaptcha/api2/bframe?hl=en&amp;v=hfUfsXWZFeg83qqxrK27GB8P&amp;k=6LdsKacZAAAAAIxY1X8GuHZljebmKWs8JGp97UK7" style="width: 400px; height: 580px;"></iframe>
  (Session info: chrome=127.0.6533.72)
Build info: version: '4.21.0', revision: '79ed462ef4'
System info: os.name: 'Windows 10', os.arch: 'amd64', os.version: '10.0', java.version: '22.0.1'
Driver info: org.openqa.selenium.chrome.ChromeDriver
Command: [0b8d5ed3b9eb19017ad1fe469d0e513d, clickElement {id=f.13F867F58DFDB274C3799CEF914DB720.d.261962353B876438A183026D9CBA65A2.e.673}]
Capabilities {acceptInsecureCerts: false, browserName: chrome, browserVersion: 127.0.6533.72, chrome: {chromedriverVersion: 127.0.6533.88 (a2d0cb026721..., userDataDir: C:\Users\Deepak\AppData\Loc...}, fedcm:accounts: true, goog:chromeOptions: {debuggerAddress: localhost:54982}, networkConnectionEnabled: false, pageLoadStrategy: normal, platformName: windows, proxy: Proxy(), se:cdp: ws://localhost:54982/devtoo..., se:cdpVersion: 127.0.6533.72, setWindowRect: true, strictFileInteractability: false, timeouts: {implicit: 0, pageLoad: 300000, script: 30000}, unhandledPromptBehavior: dismiss and notify, webauthn:extension:credBlob: true, webauthn:extension:largeBlob: true, webauthn:extension:minPinLength: true, webauthn:extension:prf: true, webauthn:virtualAuthenticators: true}
Element: [[ChromeDriver: chrome on windows (0b8d5ed3b9eb19017ad1fe469d0e513d)] -> id: gotologin]
Session ID: 0b8d5ed3b9eb19017ad1fe469d0e513d]]>
            </message>
            <full-stacktrace>
              <![CDATA[org.openqa.selenium.ElementClickInterceptedException: element click intercepted: Element <button id="gotologin" type="button" class="btn btn-primary">...</button> is not clickable at point (1055, 456). Other element would receive the click: <iframe title="recaptcha challenge expires in two minutes" name="c-9s3po5299x0s" frameborder="0" scrolling="no" sandbox="allow-forms allow-popups allow-same-origin allow-scripts allow-top-navigation allow-modals allow-popups-to-escape-sandbox allow-storage-access-by-user-activation" src="https://www.google.com/recaptcha/api2/bframe?hl=en&amp;v=hfUfsXWZFeg83qqxrK27GB8P&amp;k=6LdsKacZAAAAAIxY1X8GuHZljebmKWs8JGp97UK7" style="width: 400px; height: 580px;"></iframe>
  (Session info: chrome=127.0.6533.72)
Build info: version: '4.21.0', revision: '79ed462ef4'
System info: os.name: 'Windows 10', os.arch: 'amd64', os.version: '10.0', java.version: '22.0.1'
Driver info: org.openqa.selenium.chrome.ChromeDriver
Command: [0b8d5ed3b9eb19017ad1fe469d0e513d, clickElement {id=f.13F867F58DFDB274C3799CEF914DB720.d.261962353B876438A183026D9CBA65A2.e.673}]
Capabilities {acceptInsecureCerts: false, browserName: chrome, browserVersion: 127.0.6533.72, chrome: {chromedriverVersion: 127.0.6533.88 (a2d0cb026721..., userDataDir: C:\Users\Deepak\AppData\Loc...}, fedcm:accounts: true, goog:chromeOptions: {debuggerAddress: localhost:54982}, networkConnectionEnabled: false, pageLoadStrategy: normal, platformName: windows, proxy: Proxy(), se:cdp: ws://localhost:54982/devtoo..., se:cdpVersion: 127.0.6533.72, setWindowRect: true, strictFileInteractability: false, timeouts: {implicit: 0, pageLoad: 300000, script: 30000}, unhandledPromptBehavior: dismiss and notify, webauthn:extension:credBlob: true, webauthn:extension:largeBlob: true, webauthn:extension:minPinLength: true, webauthn:extension:prf: true, webauthn:virtualAuthenticators: true}
Element: [[ChromeDriver: chrome on windows (0b8d5ed3b9eb19017ad1fe469d0e513d)] -> id: gotologin]
Session ID: 0b8d5ed3b9eb19017ad1fe469d0e513d
at java.base/jdk.internal.reflect.DirectConstructorHandleAccessor.newInstance(DirectConstructorHandleAccessor.java:62)
at java.base/java.lang.reflect.Constructor.newInstanceWithCaller(Constructor.java:502)
at java.base/java.lang.reflect.Constructor.newInstance(Constructor.java:486)
at org.openqa.selenium.remote.ErrorCodec.decode(ErrorCodec.java:167)
at org.openqa.selenium.remote.codec.w3c.W3CHttpResponseCodec.decode(W3CHttpResponseCodec.java:138)
at org.openqa.selenium.remote.codec.w3c.W3CHttpResponseCodec.decode(W3CHttpResponseCodec.java:50)
at org.openqa.selenium.remote.HttpCommandExecutor.execute(HttpCommandExecutor.java:190)
at org.openqa.selenium.remote.service.DriverCommandExecutor.invokeExecute(DriverCommandExecutor.java:216)
at org.openqa.selenium.remote.service.DriverCommandExecutor.execute(DriverCommandExecutor.java:174)
at org.openqa.selenium.remote.RemoteWebDriver.execute(RemoteWebDriver.java:518)
at org.openqa.selenium.remote.RemoteWebElement.execute(RemoteWebElement.java:223)
at org.openqa.selenium.remote.RemoteWebElement.click(RemoteWebElement.java:76)
at com.modules.BSALogin.Newuser(BSALogin.java:66)
at com.mvn.Maintest.BSLogin(Maintest.java:434)
at java.base/jdk.internal.reflect.DirectMethodHandleAccessor.invoke(DirectMethodHandleAccessor.java:103)
at java.base/java.lang.reflect.Method.invoke(Method.java:580)
at org.testng.internal.invokers.MethodInvocationHelper.invokeMethod(MethodInvocationHelper.java:141)
at org.testng.internal.invokers.TestInvoker.invokeMethod(TestInvoker.java:686)
at org.testng.internal.invokers.TestInvoker.invokeTestMethod(TestInvoker.java:230)
at org.testng.internal.invokers.MethodRunner.runInSequence(MethodRunner.java:63)
at org.testng.internal.invokers.TestInvoker$MethodInvocationAgent.invoke(TestInvoker.java:992)
at org.testng.internal.invokers.TestInvoker.invokeTestMethods(TestInvoker.java:203)
at org.testng.internal.invokers.TestMethodWorker.invokeTestMethods(TestMethodWorker.java:154)
at org.testng.internal.invokers.TestMethodWorker.run(TestMethodWorker.java:134)
at java.base/java.util.ArrayList.forEach(ArrayList.java:1597)
at org.testng.TestRunner.privateRun(TestRunner.java:739)
at org.testng.TestRunner.run(TestRunner.java:614)
at org.testng.SuiteRunner.runTest(SuiteRunner.java:421)
at org.testng.SuiteRunner.runSequentially(SuiteRunner.java:413)
at org.testng.SuiteRunner.privateRun(SuiteRunner.java:373)
at org.testng.SuiteRunner.run(SuiteRunner.java:312)
at org.testng.SuiteRunnerWorker.runSuite(SuiteRunnerWorker.java:52)
at org.testng.SuiteRunnerWorker.run(SuiteRunnerWorker.java:95)
at org.testng.TestNG.runSuitesSequentially(TestNG.java:1274)
at org.testng.TestNG.runSuitesLocally(TestNG.java:1208)
at org.testng.TestNG.runSuites(TestNG.java:1112)
at org.testng.TestNG.run(TestNG.java:1079)
at org.testng.remote.AbstractRemoteTestNG.run(AbstractRemoteTestNG.java:115)
at org.testng.remote.RemoteTestNG.initAndRun(RemoteTestNG.java:293)
at org.testng.remote.RemoteTestNG.main(RemoteTestNG.java:91)
]]>
            </full-stacktrace>
          </exception> <!-- org.openqa.selenium.ElementClickInterceptedException -->
          <reporter-output>
          </reporter-output>
        </test-method> <!-- BSLogin -->
        <test-method is-config="true" signature="closeBrowser()[pri:0, instance:com.mvn.Maintest@7817fd62]" started-at="2024-08-03T14:12:55 IST" name="closeBrowser" finished-at="2024-08-03T14:12:58 IST" duration-ms="3539" status="PASS">
          <reporter-output>
          </reporter-output>
        </test-method> <!-- closeBrowser -->
      </class> <!-- com.mvn.Maintest -->
    </test> <!-- Default test -->
  </suite> <!-- Default suite -->
</testng-results>
